1726956781357:zsv cat-file -f a3c241ab148df99bc5924738958c3aaad76a322b
1726957251915:exit
1726957259300:zsv cat-file -f a3c241ab148df99bc5924738958c3aaad76a322b
1726957272133:exit
1726957279567:zsv cat-file -f a3c241ab148df99bc5924738958c3aaad76a322b
1726957346550:exit
1726957354552:zsv cat-file -f a3c241ab148df99bc5924738958c3aaad76a322b
1726957398517:exit
1726957405293:zsv cat-file -f a3c241ab148df99bc5924738958c3aaad76a322b
1726957439585:exit
1726957447307:zsv cat-file -f a3c241ab148df99bc5924738958c3aaad76a322b
1726957449458:exit
1726957888111:zsv hash-object -f test.txt
1726957905329:exit
1726957926181:zsv hash-object -f test.txt
1726957931565:stacktrace
1726957937173:exit
1726957996469:zsv hash-object -f /home/zstojkovic00/Downloads/abstractive-version-control-system-manager/src/test.txt
1726958019800:zsv hash-object -f src/test.txt
1726958990000:exit
1726959006611:zsv hash-object -w -f src/test.txt
1726959056841:exit
1726959062755:zsv hash-object -w -f src/test.txt
1726959091253:zsv cat-file -f a3c241ab148df99bc5924738958c3aaad76a322b
1726959094333:exit
1726964286849:zsv init
1726964353946:zsv hash-object -w -f src/test.txt
1726964360659:zsv cat-file -f a3c241ab148df99bc5924738958c3aaad76a322b
1726964367435:stacktrace
1726964380628:exit
1726964388310:zsv cat-file -f a3c241ab148df99bc5924738958c3aaad76a322b
1726964591454:exit
1726964599945:zsv cat-file -f a3c241ab148df99bc5924738958c3aaad76a322b
1726966003926:exit
1726966037091:zsv ls-tree -f 54c4a4a636839e36be577bce569a8030d6d5354c
1726966049372:exit
1726966065342:zsv ls-tree -f 54c4a4a636839e36be577bce569a8030d6d5354c
1726966138239:exit
1726966144936:zsv ls-tree -f 54c4a4a636839e36be577bce569a8030d6d5354c
1726966147552:zsv ls-tree -f 54c4a4a636839e36be577bce569a8030d6d5354
1726966153017:zsv ls-tree -f 54c4a4a636839e36be577bce569a8030d6d5354c
1726966154225:clear
1726966155553:zsv ls-tree -f 54c4a4a636839e36be577bce569a8030d6d5354c
1726966490363:exit
1726966496653:zsv ls-tree -f 54c4a4a636839e36be577bce569a8030d6d5354c
1726967220366:exit
1726967227272:zsv ls-tree -f 54c4a4a636839e36be577bce569a8030d6d5354c
1726967899964:exit
1726967907205:zsv ls-tree -f 54c4a4a636839e36be577bce569a8030d6d5354c
1727038259574:zsv write-tree
1727038294914:exit
1727038302356:zsv write-tree
1727038442708:exit
1727038450006:zsv write-tree
1727039909499:exit
1727039945536:zsv write-tree
1727039952168:stacktrace
1727040099258:exit
1727040108164:zsv write-tree
1727040482139:exit
1727040489123:zsv write-tree
1727040507037:exit
1727040514342:zsv write-tree
1727040912879:exit
1727040924649:zsv write-tree
1727040942443:exit
1727040949988:zsv write-tree
1727049891875:exit
1727049903757:zsv write-tree
1727049969732:exit
1727049976117:zsv write-tree
1727050053414:exit
1727050073113:zsv write-tree
1727117933409:exit
1727117940906:zsv write-tree
1727117948219:exit
1727117955092:zsv write-tree
1727117994584:exit
1727118001018:zsv write-tree
1727118036637:exit
1727118058731:zsv write-tree
1727118251264:exit
1727118264186:zsv init
1727118267170:zsv write-tree
1727118393649:exit
1727118400498:zsv write-tree
1727118531706:zsv ls-tree -f 4365455522872e57b87951d40b8f3346c63ceb1a
1727118570055:stacktrace
1727118629814:exit
1727119272783:zsv write-tree
1727119417417:clear
1727119418121:exit
1727119440340:zsv write-tree
1727119640517:exit
1727119647974:zsv write-tree
1727119691483:exit
1727119699069:zsv init
1727119702125:zsv write-tree
1727119708998:zsv ls-tree 1b1ca8801502887e657a06519b032b8bb2a478a2
1727119713982:zsv ls-tree -f 1b1ca8801502887e657a06519b032b8bb2a478a2
1727119726335:stacktrace
1727119777104:zsv ls-tree -f 1b1ca8801502887e657a06519b032b8bb2a478a2
1727119811010:exit
1727119827493:zsv ls-tree -f 1b1ca8801502887e657a06519b032b8bb2a478a2
1727119842622:exit
1727119855360:zsv init
1727119860640:zsv write-tree
1727119884956:zsv ls-tree -f 1b1ca8801502887e657a06519b032b8bb2a478a2
1727119895125:exit
1727119903878:zsv init
1727119906710:zsv write-tree
1727119927689:zsv ls-tree bf901b00ba846ee3605b884ef6ec77daa4e9f96b
1727119932137:zsv ls-tree -f bf901b00ba846ee3605b884ef6ec77daa4e9f96b
1727119953299:exit
1727119961581:zsv init
1727119964637:zsv write-tree
1727119969838:exit
1727126427885:zsv write-tree
1727126534164:zsv write-tree
1727126987916:exit
1727127300827:zsv write-tree
1727127358266:zsv ls-tree 0dff23da8ba7731c48213a67cf9de4cfb7c73b0a
1727127362459:zsv ls-tree -f 0dff23da8ba7731c48213a67cf9de4cfb7c73b0a
1727127426907:zsv ls-tree 4c99fe391fba1a36fbd775890055917379d67c88
1727127430843:zsv ls-tree -f 4c99fe391fba1a36fbd775890055917379d67c88
1727127544849:exit
1727127560747:zsv init
1727127564124:zsv write-tree
1727127578062:zsv ls-tree 4a6672335575999715c62d97f23fde44ded4f157
1727127581982:zsv ls-tree -f 4a6672335575999715c62d97f23fde44ded4f157
1727127587511:zsv ls-tree d77dde4aaafc664ae8da7b534394957270e0ca11
1727127591255:zsv ls-tree -f d77dde4aaafc664ae8da7b534394957270e0ca11
1727127696100:exit
1727127709359:zsv write-tree
1727127720585:zsv ls-tree -f 21c387f1a27793a7dda8f7db10ade7ebfaccf832
1727127727080:zsv ls-tree -f 7b514ed8fcf52b6df8e4d90b02b68ad7a3961897
1727127786415:exit
1727127796201:zsv write-tree
1727127805674:zsv ls-tree -f 0c35c2f6bb6ca11eb2abf7ce087c1226cd0cbc6c
1727127812483:zsv ls-tree -f 4c99fe391fba1a36fbd775890055917379d67c88
1727127856032:zsv ls-tree -f e3898a859672bc428fca212b97e2cd463cd4c4a7
1727127879011:zsv ls-tree -f a0156cf422aa4dab24f033ceea9026e1d7090d34
1727127886740:zsv ls-tree -f 378c749112ee7cd1752563baa7ef9f901be1612c
1727127893285:zsv ls-tree -f 36491eb9b1a13b70581898b9bb63799a7d618559
1727127900606:zsv ls-tree -f 34d834d6a617931645e5d6a6b2138df1bb0b205d
1727127906038:zsv ls-tree -f 75d08b2252642d7254a3bf672fdd97179e2d557d
1727127911879:zsv ls-tree -f 8e059a11370b13c7c439c23120dc925ba3850bde
1727128194202:zsv write-tree
1727128203091:zsv ls-tree -f 29b02416db5a77eb23d1d2eb1fc446afab72d40e
1727128252706:zsv ls-tree -f 4c99fe391fba1a36fbd775890055917379d67c88
1727302217034:zsv write-tree
1727302230699:zsv ls-tree 316075bc68df0a6bf47480546524762e0a9cc47b
1727302234819:zsv ls-tree -f 316075bc68df0a6bf47480546524762e0a9cc47b
1727302423427:exit
1727302433589:zsv write-tree
